{
  "stats": {
    "suites": 1,
    "tests": 8,
    "passes": 7,
    "pending": 0,
    "failures": 1,
    "start": "2021-10-15T14:35:57.321Z",
    "end": "2021-10-15T14:35:57.331Z",
    "duration": 10,
    "testsRegistered": 8,
    "passPercent": 87.5,
    "pendingPercent": 0,
    "other": 0,
    "hasOther": false,
    "skipped": 0,
    "hasSkipped": false
  },
  "results": [
    {
      "uuid": "a6a3786d-41e8-48ca-8dcc-6342dd658129",
      "title": "",
      "fullFile": "",
      "file": "",
      "beforeHooks": [],
      "afterHooks": [],
      "tests": [],
      "suites": [
        {
          "uuid": "5c8aacc9-6a2c-4746-8340-0929b6720f7c",
          "title": "add is correct ",
          "fullFile": "C:\\Users\\Arsen_Hovhannisyan\\Desktop\\jsAutomation\\myTasks\\jsAutomationMentoringProgram\\test\\specs\\calcu.spec.js",
          "file": "\\test\\specs\\calcu.spec.js",
          "beforeHooks": [
            {
              "title": "\"before each\" hook in \"add is correct \"",
              "fullTitle": "add is correct  \"before each\" hook in \"add is correct \"",
              "timedOut": false,
              "duration": 0,
              "state": null,
              "speed": null,
              "pass": false,
              "fail": false,
              "pending": false,
              "context": null,
              "code": "calc = new Calculator();",
              "err": {},
              "uuid": "0790ec7f-761c-4b2e-ade9-7e21a94faf71",
              "parentUUID": "5c8aacc9-6a2c-4746-8340-0929b6720f7c",
              "isHook": true,
              "skipped": false
            }
          ],
          "afterHooks": [
            {
              "title": "\"after each\" hook in \"add is correct \"",
              "fullTitle": "add is correct  \"after each\" hook in \"add is correct \"",
              "timedOut": false,
              "duration": 0,
              "state": null,
              "speed": null,
              "pass": false,
              "fail": false,
              "pending": false,
              "context": null,
              "code": "calc = null ;",
              "err": {},
              "uuid": "023dc073-811a-45ec-a46a-7b6d8d163954",
              "parentUUID": "5c8aacc9-6a2c-4746-8340-0929b6720f7c",
              "isHook": true,
              "skipped": false
            }
          ],
          "tests": [
            {
              "title": "should return number 5",
              "fullTitle": "add is correct  should return number 5",
              "timedOut": false,
              "duration": 0,
              "state": "passed",
              "speed": "fast",
              "pass": true,
              "fail": false,
              "pending": false,
              "context": null,
              "code": "expect(calc.add(2,3)).to.be.equal(5);",
              "err": {},
              "uuid": "cf74700f-0aaf-41dd-a951-162e35db77bf",
              "parentUUID": "5c8aacc9-6a2c-4746-8340-0929b6720f7c",
              "isHook": false,
              "skipped": false
            },
            {
              "title": "should throw error",
              "fullTitle": "add is correct  should throw error",
              "timedOut": false,
              "duration": 0,
              "state": "passed",
              "speed": "fast",
              "pass": true,
              "fail": false,
              "pending": false,
              "context": null,
              "code": "calc.add(-5,null).should.be.a('string');",
              "err": {},
              "uuid": "1c03b5c4-482f-4d80-848b-c79b3005c94e",
              "parentUUID": "5c8aacc9-6a2c-4746-8340-0929b6720f7c",
              "isHook": false,
              "skipped": false
            },
            {
              "title": "should throw error",
              "fullTitle": "add is correct  should throw error",
              "timedOut": false,
              "duration": 0,
              "state": "passed",
              "speed": "fast",
              "pass": true,
              "fail": false,
              "pending": false,
              "context": null,
              "code": "calc.add(-5,undefined).should.be.a('string');",
              "err": {},
              "uuid": "5950b5e0-06db-421f-8c0f-a35459389383",
              "parentUUID": "5c8aacc9-6a2c-4746-8340-0929b6720f7c",
              "isHook": false,
              "skipped": false
            },
            {
              "title": "should throw error",
              "fullTitle": "add is correct  should throw error",
              "timedOut": false,
              "duration": 0,
              "state": "passed",
              "speed": "fast",
              "pass": true,
              "fail": false,
              "pending": false,
              "context": null,
              "code": "calc.add(\"7\",0).should.be.a('string');",
              "err": {},
              "uuid": "f6852f64-832a-4d30-9238-164422b3bdef",
              "parentUUID": "5c8aacc9-6a2c-4746-8340-0929b6720f7c",
              "isHook": false,
              "skipped": false
            },
            {
              "title": "should throw error",
              "fullTitle": "add is correct  should throw error",
              "timedOut": false,
              "duration": 1,
              "state": "failed",
              "speed": null,
              "pass": false,
              "fail": true,
              "pending": false,
              "context": null,
              "code": "calc.add(900719925474,8).should.be.a('string');",
              "err": {
                "message": "AssertionError: expected 900719925482 to be a string",
                "estack": "AssertionError: expected 900719925482 to be a string\n    at Context.<anonymous> (test\\specs\\calcu.spec.js:27:44)\n    at processImmediate (internal/timers.js:464:21)",
                "diff": null
              },
              "uuid": "20ba8da6-ecaf-45a6-bc3b-e8b078db0535",
              "parentUUID": "5c8aacc9-6a2c-4746-8340-0929b6720f7c",
              "isHook": false,
              "skipped": false
            },
            {
              "title": "should return number 3",
              "fullTitle": "add is correct  should return number 3",
              "timedOut": false,
              "duration": 0,
              "state": "passed",
              "speed": "fast",
              "pass": true,
              "fail": false,
              "pending": false,
              "context": null,
              "code": "expect(calc.add(0,3)).to.be.equal(3);",
              "err": {},
              "uuid": "2d87967f-de5c-4225-ba49-5f176bb1cc78",
              "parentUUID": "5c8aacc9-6a2c-4746-8340-0929b6720f7c",
              "isHook": false,
              "skipped": false
            },
            {
              "title": "should return number -9",
              "fullTitle": "add is correct  should return number -9",
              "timedOut": false,
              "duration": 0,
              "state": "passed",
              "speed": "fast",
              "pass": true,
              "fail": false,
              "pending": false,
              "context": null,
              "code": "expect(calc.add(-12,3)).to.be.equal(-9);",
              "err": {},
              "uuid": "2dafcd86-8776-47ef-a06c-bf36624632f1",
              "parentUUID": "5c8aacc9-6a2c-4746-8340-0929b6720f7c",
              "isHook": false,
              "skipped": false
            },
            {
              "title": "should return number -15",
              "fullTitle": "add is correct  should return number -15",
              "timedOut": false,
              "duration": 0,
              "state": "passed",
              "speed": "fast",
              "pass": true,
              "fail": false,
              "pending": false,
              "context": null,
              "code": "expect(calc.add(-12,-3)).to.be.equal(-15);",
              "err": {},
              "uuid": "a5aca8e6-a390-4e8e-b647-f4afa2c2cac9",
              "parentUUID": "5c8aacc9-6a2c-4746-8340-0929b6720f7c",
              "isHook": false,
              "skipped": false
            }
          ],
          "suites": [],
          "passes": [
            "cf74700f-0aaf-41dd-a951-162e35db77bf",
            "1c03b5c4-482f-4d80-848b-c79b3005c94e",
            "5950b5e0-06db-421f-8c0f-a35459389383",
            "f6852f64-832a-4d30-9238-164422b3bdef",
            "2d87967f-de5c-4225-ba49-5f176bb1cc78",
            "2dafcd86-8776-47ef-a06c-bf36624632f1",
            "a5aca8e6-a390-4e8e-b647-f4afa2c2cac9"
          ],
          "failures": [
            "20ba8da6-ecaf-45a6-bc3b-e8b078db0535"
          ],
          "pending": [],
          "skipped": [],
          "duration": 1,
          "root": false,
          "rootEmpty": false,
          "_timeout": 2000
        }
      ],
      "passes": [],
      "failures": [],
      "pending": [],
      "skipped": [],
      "duration": 0,
      "root": true,
      "rootEmpty": true,
      "_timeout": 2000
    }
  ],
  "meta": {
    "mocha": {
      "version": "9.1.2"
    },
    "mochawesome": {
      "options": {
        "quiet": false,
        "reportFilename": "mochawesome",
        "saveHtml": true,
        "saveJson": true,
        "consoleReporter": "spec",
        "useInlineDiffs": false,
        "code": true
      },
      "version": "6.3.1"
    },
    "marge": {
      "options": null,
      "version": "5.2.0"
    }
  }
}